  binary_to_compressed_c.cpp
F:\Users\Florian\Documents\VS-Projects\BatteryEngine\modules\imgui\misc\fonts\binary_to_compressed_c.cpp(263,28): warning C4244: '=': conversion from '__int64' to 'stb_uint', possible loss of data
F:\Users\Florian\Documents\VS-Projects\BatteryEngine\modules\imgui\misc\fonts\binary_to_compressed_c.cpp(280,31): warning C4244: 'argument': conversion from '__int64' to 'int', possible loss of data
F:\Users\Florian\Documents\VS-Projects\BatteryEngine\modules\imgui\misc\fonts\binary_to_compressed_c.cpp(280,31): warning C4244: '=': conversion from '__int64' to 'int', possible loss of data
F:\Users\Florian\Documents\VS-Projects\BatteryEngine\modules\imgui\misc\fonts\binary_to_compressed_c.cpp(282,63): warning C4244: 'argument': conversion from '__int64' to 'int', possible loss of data
F:\Users\Florian\Documents\VS-Projects\BatteryEngine\modules\imgui\misc\fonts\binary_to_compressed_c.cpp(282,63): warning C4244: '=': conversion from '__int64' to 'int', possible loss of data
F:\Users\Florian\Documents\VS-Projects\BatteryEngine\modules\imgui\misc\fonts\binary_to_compressed_c.cpp(284,63): warning C4244: 'argument': conversion from '__int64' to 'int', possible loss of data
F:\Users\Florian\Documents\VS-Projects\BatteryEngine\modules\imgui\misc\fonts\binary_to_compressed_c.cpp(284,63): warning C4244: '=': conversion from '__int64' to 'int', possible loss of data
F:\Users\Florian\Documents\VS-Projects\BatteryEngine\modules\imgui\misc\fonts\binary_to_compressed_c.cpp(286,31): warning C4244: 'argument': conversion from '__int64' to 'int', possible loss of data
F:\Users\Florian\Documents\VS-Projects\BatteryEngine\modules\imgui\misc\fonts\binary_to_compressed_c.cpp(286,31): warning C4244: '=': conversion from '__int64' to 'int', possible loss of data
F:\Users\Florian\Documents\VS-Projects\BatteryEngine\modules\imgui\misc\fonts\binary_to_compressed_c.cpp(299,37): warning C4244: 'argument': conversion from '__int64' to 'int', possible loss of data
F:\Users\Florian\Documents\VS-Projects\BatteryEngine\modules\imgui\misc\fonts\binary_to_compressed_c.cpp(303,37): warning C4244: 'argument': conversion from '__int64' to 'int', possible loss of data
F:\Users\Florian\Documents\VS-Projects\BatteryEngine\modules\imgui\misc\fonts\binary_to_compressed_c.cpp(307,37): warning C4244: 'argument': conversion from '__int64' to 'int', possible loss of data
F:\Users\Florian\Documents\VS-Projects\BatteryEngine\modules\imgui\misc\fonts\binary_to_compressed_c.cpp(311,37): warning C4244: 'argument': conversion from '__int64' to 'int', possible loss of data
F:\Users\Florian\Documents\VS-Projects\BatteryEngine\modules\imgui\misc\fonts\binary_to_compressed_c.cpp(316,37): warning C4244: 'argument': conversion from '__int64' to 'int', possible loss of data
F:\Users\Florian\Documents\VS-Projects\BatteryEngine\modules\imgui\misc\fonts\binary_to_compressed_c.cpp(336,28): warning C4244: '=': conversion from '__int64' to 'int', possible loss of data
F:\Users\Florian\Documents\VS-Projects\BatteryEngine\modules\imgui\misc\fonts\binary_to_compressed_c.cpp(338,67): warning C4244: 'argument': conversion from '__int64' to 'stb_uint', possible loss of data
F:\Users\Florian\Documents\VS-Projects\BatteryEngine\modules\imgui\misc\fonts\binary_to_compressed_c.cpp(339,14): warning C4244: 'return': conversion from '__int64' to 'int', possible loss of data
F:\Users\Florian\Documents\VS-Projects\BatteryEngine\modules\imgui\misc\fonts\binary_to_compressed_c.cpp(384,21): warning C4244: 'return': conversion from '__int64' to 'stb_uint', possible loss of data
  ImGui-BinaryConverter.vcxproj -> F:\Users\Florian\Documents\VS-Projects\BatteryEngine\x64\Debug\ImGui-BinaryConverter.exe
