f:\users\florian\documents\vs-projects\batteryengine\batteryengine\debug-x64-static\batteryengine-static.pdb
f:\users\florian\documents\vs-projects\batteryengine\batteryengine\debug-x64-static\batteryengine-static.idb
f:\users\florian\documents\vs-projects\batteryengine\batteryengine\debug-x64-static\timeutils.obj
f:\users\florian\documents\vs-projects\batteryengine\batteryengine\debug-x64-static\stringutils.obj
f:\users\florian\documents\vs-projects\batteryengine\batteryengine\debug-x64-static\netutils.obj
f:\users\florian\documents\vs-projects\batteryengine\batteryengine\debug-x64-static\graphics.obj
f:\users\florian\documents\vs-projects\batteryengine\batteryengine\debug-x64-static\fileutils.obj
f:\users\florian\documents\vs-projects\batteryengine\batteryengine\debug-x64-static\exception.obj
f:\users\florian\documents\vs-projects\batteryengine\batteryengine\debug-x64-static\engine.obj
f:\users\florian\documents\vs-projects\batteryengine\batteryengine\debug-x64-static\defaultshaders.obj
f:\users\florian\documents\vs-projects\batteryengine\batteryengine\debug-x64-static\core.obj
f:\users\florian\documents\vs-projects\batteryengine\batteryengine\debug-x64-static\imgui_widgets.obj
f:\users\florian\documents\vs-projects\batteryengine\batteryengine\debug-x64-static\imgui_draw.obj
f:\users\florian\documents\vs-projects\batteryengine\batteryengine\debug-x64-static\imgui_demo.obj
f:\users\florian\documents\vs-projects\batteryengine\batteryengine\debug-x64-static\imgui.obj
f:\users\florian\documents\vs-projects\batteryengine\batteryengine\debug-x64-static\imgui_impl_allegro5.obj
f:\users\florian\documents\vs-projects\batteryengine\batteryengine\debug-x64-static\batteryengine-static.pch
f:\users\florian\documents\vs-projects\batteryengine\batteryengine\debug-x64-static\pch.obj
f:\users\florian\documents\vs-projects\batteryengine\batteryengine\debug-x64-static\main.obj
f:\users\florian\documents\vs-projects\batteryengine\batteryengine\debug-x64-static\application.obj
f:\users\florian\documents\vs-projects\batteryengine\bin\debug\x64\batteryengine-static.lib
f:\users\florian\documents\vs-projects\batteryengine\batteryengine\debug-x64-static\batteryengine-static.res
f:\users\florian\documents\vs-projects\batteryengine\batteryengine\debug-x64-static\batterye.64913bc3.tlog\cl.command.1.tlog
f:\users\florian\documents\vs-projects\batteryengine\batteryengine\debug-x64-static\batterye.64913bc3.tlog\cl.read.1.tlog
f:\users\florian\documents\vs-projects\batteryengine\batteryengine\debug-x64-static\batterye.64913bc3.tlog\cl.write.1.tlog
f:\users\florian\documents\vs-projects\batteryengine\batteryengine\debug-x64-static\batterye.64913bc3.tlog\lib-link-cvtres.read.1.tlog
f:\users\florian\documents\vs-projects\batteryengine\batteryengine\debug-x64-static\batterye.64913bc3.tlog\lib-link-cvtres.write.1.tlog
f:\users\florian\documents\vs-projects\batteryengine\batteryengine\debug-x64-static\batterye.64913bc3.tlog\lib.command.1.tlog
f:\users\florian\documents\vs-projects\batteryengine\batteryengine\debug-x64-static\batterye.64913bc3.tlog\rc.command.1.tlog
f:\users\florian\documents\vs-projects\batteryengine\batteryengine\debug-x64-static\batterye.64913bc3.tlog\rc.read.1.tlog
f:\users\florian\documents\vs-projects\batteryengine\batteryengine\debug-x64-static\batterye.64913bc3.tlog\rc.write.1.tlog
